<?xml version="1.0" encoding="UTF-8"?>
<!-- Generated by org.testng.reporters.JUnitXMLReporter -->
<testsuite ignored="3" hostname="ArinaJoshi" failures="0" tests="1" name="Default test(failed)" time="5.067" errors="0" timestamp="2023-10-20T19:56:19 CDT">
  <testcase classname="testcaseSauceDemo.Login" name="testSuccessfulLogin" time="1.982"/>
  <testcase classname="testcaseSauceDemo.Login" name="testLoginWithoutUsername" time="0.0">
    <ignored/>
  </testcase> <!-- testLoginWithoutUsername -->
  <testcase classname="testcaseSauceDemo.Login" name="testLoginWithoutPassword" time="0.0">
    <ignored/>
  </testcase> <!-- testLoginWithoutPassword -->
  <testcase classname="testcaseSauceDemo.Login" name="verifyTitleForLogin" time="0.0">
    <ignored/>
  </testcase> <!-- verifyTitleForLogin -->
</testsuite> <!-- Default test(failed) -->
