<?xml version="1.0" encoding="UTF-8"?>
<!-- Generated by org.testng.reporters.JUnitXMLReporter -->
<testsuite ignored="0" hostname="ArinaJoshi" failures="0" tests="4" name="Default test" time="6.28" errors="0" timestamp="2023-10-16T09:33:17 CDT">
  <testcase classname="testcaseSauceDemo.Login" name="testLoginWithoutPassword" time="1.501"/>
  <testcase classname="testcaseSauceDemo.Login" name="testLoginWithoutUsername" time="0.523"/>
  <testcase classname="testcaseSauceDemo.Login" name="testSuccessfulLogin" time="0.746"/>
  <testcase classname="testcaseSauceDemo.Login" name="verifyTitleForLogin" time="0.021"/>
</testsuite> <!-- Default test -->
