<?xml version="1.0" encoding="UTF-8"?>
<!-- Generated by org.testng.reporters.JUnitXMLReporter -->
<testsuite ignored="0" hostname="ArinaJoshi" failures="1" tests="1" name="Test" time="8.134" errors="0" timestamp="2023-10-25T12:17:59 CDT">
  <testcase classname="testng.Day17Listener" name="searchGoogle" time="1.962">
    <failure type="java.lang.AssertionError" message="expected [true] but found [false]">
      <![CDATA[java.lang.AssertionError: expected [true] but found [false]
at testng.Day17Listener.searchGoogle(Day17Listener.java:18)
at java.base/java.util.ArrayList.forEach(ArrayList.java:1511)
... Removed 31 stack frames]]>
    </failure>
  </testcase> <!-- searchGoogle -->
</testsuite> <!-- Test -->
