<?xml version="1.0" encoding="UTF-8"?>
<!-- Generated by org.testng.reporters.JUnitXMLReporter -->
<testsuite ignored="3" hostname="ArinaJoshi" failures="0" tests="0" time="0.0" errors="0" timestamp="2023-10-23T13:48:21 CDT">
  <testcase classname="testng.Day12e" name="TestFour" time="0.0">
    <ignored/>
  </testcase> <!-- TestFour -->
  <testcase classname="testng.Day12e" name="TestThree" time="0.0">
    <ignored/>
  </testcase> <!-- TestThree -->
  <testcase classname="testng.Day12e" name="TestFive" time="0.0">
    <ignored/>
  </testcase> <!-- TestFive -->
</testsuite>
