<?xml version="1.0" encoding="UTF-8"?>
<testng-results ignored="0" total="4" passed="4" failed="0" skipped="0">
  <reporter-output>
  </reporter-output>
  <suite started-at="2023-10-16T09:33:11 CDT" name="Default suite" finished-at="2023-10-16T09:33:17 CDT" duration-ms="6280">
    <groups>
    </groups>
    <test started-at="2023-10-16T09:33:11 CDT" name="Default test" finished-at="2023-10-16T09:33:17 CDT" duration-ms="6280">
      <class name="testcaseSauceDemo.Login">
        <test-method is-config="true" signature="setUp()[pri:0, instance:testcaseSauceDemo.Login@f78a47e]" started-at="2023-10-16T09:33:11 CDT" name="setUp" finished-at="2023-10-16T09:33:14 CDT" duration-ms="3173" status="PASS">
          <reporter-output>
          </reporter-output>
        </test-method> <!-- setUp -->
        <test-method signature="testLoginWithoutPassword()[pri:0, instance:testcaseSauceDemo.Login@f78a47e]" started-at="2023-10-16T09:33:14 CDT" name="testLoginWithoutPassword" finished-at="2023-10-16T09:33:16 CDT" duration-ms="1501" status="PASS">
          <reporter-output>
          </reporter-output>
        </test-method> <!-- testLoginWithoutPassword -->
        <test-method signature="testLoginWithoutUsername()[pri:0, instance:testcaseSauceDemo.Login@f78a47e]" started-at="2023-10-16T09:33:16 CDT" name="testLoginWithoutUsername" finished-at="2023-10-16T09:33:16 CDT" duration-ms="523" status="PASS">
          <reporter-output>
          </reporter-output>
        </test-method> <!-- testLoginWithoutUsername -->
        <test-method signature="testSuccessfulLogin()[pri:0, instance:testcaseSauceDemo.Login@f78a47e]" started-at="2023-10-16T09:33:16 CDT" name="testSuccessfulLogin" finished-at="2023-10-16T09:33:17 CDT" duration-ms="746" status="PASS">
          <reporter-output>
          </reporter-output>
        </test-method> <!-- testSuccessfulLogin -->
        <test-method signature="verifyTitleForLogin()[pri:0, instance:testcaseSauceDemo.Login@f78a47e]" started-at="2023-10-16T09:33:17 CDT" name="verifyTitleForLogin" finished-at="2023-10-16T09:33:17 CDT" duration-ms="21" status="PASS">
          <reporter-output>
          </reporter-output>
        </test-method> <!-- verifyTitleForLogin -->
        <test-method is-config="true" signature="tearDown()[pri:0, instance:testcaseSauceDemo.Login@f78a47e]" started-at="2023-10-16T09:33:17 CDT" name="tearDown" finished-at="2023-10-16T09:33:17 CDT" duration-ms="247" status="PASS">
          <reporter-output>
          </reporter-output>
        </test-method> <!-- tearDown -->
      </class> <!-- testcaseSauceDemo.Login -->
    </test> <!-- Default test -->
  </suite> <!-- Default suite -->
</testng-results>
