<?xml version="1.0" encoding="UTF-8"?>
<testng-results ignored="0" total="4" passed="4" failed="0" skipped="0">
  <reporter-output>
  </reporter-output>
  <suite started-at="2023-10-16T10:15:35 CDT" name="Default suite" finished-at="2023-10-16T10:15:41 CDT" duration-ms="5582">
    <groups>
    </groups>
    <test started-at="2023-10-16T10:15:35 CDT" name="Default test" finished-at="2023-10-16T10:15:41 CDT" duration-ms="5582">
      <class name="testcaseSauceDemo.Login">
        <test-method is-config="true" signature="setUp()[pri:0, instance:testcaseSauceDemo.Login@f78a47e]" started-at="2023-10-16T10:15:35 CDT" name="setUp" finished-at="2023-10-16T10:15:38 CDT" duration-ms="2319" status="PASS">
          <reporter-output>
          </reporter-output>
        </test-method> <!-- setUp -->
        <test-method signature="testLoginWithoutPassword()[pri:0, instance:testcaseSauceDemo.Login@f78a47e]" started-at="2023-10-16T10:15:38 CDT" name="testLoginWithoutPassword" finished-at="2023-10-16T10:15:40 CDT" duration-ms="1972" status="PASS">
          <reporter-output>
          </reporter-output>
        </test-method> <!-- testLoginWithoutPassword -->
        <test-method signature="testLoginWithoutUsername()[pri:0, instance:testcaseSauceDemo.Login@f78a47e]" started-at="2023-10-16T10:15:40 CDT" name="testLoginWithoutUsername" finished-at="2023-10-16T10:15:40 CDT" duration-ms="367" status="PASS">
          <reporter-output>
          </reporter-output>
        </test-method> <!-- testLoginWithoutUsername -->
        <test-method signature="testSuccessfulLogin()[pri:0, instance:testcaseSauceDemo.Login@f78a47e]" started-at="2023-10-16T10:15:40 CDT" name="testSuccessfulLogin" finished-at="2023-10-16T10:15:41 CDT" duration-ms="559" status="PASS">
          <reporter-output>
          </reporter-output>
        </test-method> <!-- testSuccessfulLogin -->
        <test-method signature="verifyTitleForLogin()[pri:0, instance:testcaseSauceDemo.Login@f78a47e]" started-at="2023-10-16T10:15:41 CDT" name="verifyTitleForLogin" finished-at="2023-10-16T10:15:41 CDT" duration-ms="17" status="PASS">
          <reporter-output>
          </reporter-output>
        </test-method> <!-- verifyTitleForLogin -->
        <test-method is-config="true" signature="tearDown()[pri:0, instance:testcaseSauceDemo.Login@f78a47e]" started-at="2023-10-16T10:15:41 CDT" name="tearDown" finished-at="2023-10-16T10:15:41 CDT" duration-ms="259" status="PASS">
          <reporter-output>
          </reporter-output>
        </test-method> <!-- tearDown -->
      </class> <!-- testcaseSauceDemo.Login -->
    </test> <!-- Default test -->
  </suite> <!-- Default suite -->
</testng-results>
